0 info it worked if it ends with ok
1 verbose cli [ '/usr/local/bin/node', '/usr/local/bin/npm', 'run', 'local' ]
2 info using npm@4.0.5
3 info using node@v7.4.0
4 verbose run-script [ 'prelocal', 'local', 'postlocal' ]
5 info lifecycle tvster-feeder@1.0.0~prelocal: tvster-feeder@1.0.0
6 silly lifecycle tvster-feeder@1.0.0~prelocal: no script for prelocal, continuing
7 info lifecycle tvster-feeder@1.0.0~local: tvster-feeder@1.0.0
8 verbose lifecycle tvster-feeder@1.0.0~local: unsafe-perm in lifecycle true
9 verbose lifecycle tvster-feeder@1.0.0~local: PATH: /usr/local/lib/node_modules/npm/bin/node-gyp-bin:/Users/david/development/repos/tvster-feeder/node_modules/.bin:/usr/local/bin:/usr/bin:/bin:/usr/sbin:/sbin:/Library/TeX/texbin:/usr/local/bin
10 verbose lifecycle tvster-feeder@1.0.0~local: CWD: /Users/david/development/repos/tvster-feeder
11 silly lifecycle tvster-feeder@1.0.0~local: Args: [ '-c', 'swagger project start --harmony-async-await --debug' ]
12 silly lifecycle tvster-feeder@1.0.0~local: Returned: code: 1  signal: null
13 info lifecycle tvster-feeder@1.0.0~local: Failed to exec local script
14 verbose stack Error: tvster-feeder@1.0.0 local: `swagger project start --harmony-async-await --debug`
14 verbose stack Exit status 1
14 verbose stack     at EventEmitter.<anonymous> (/usr/local/lib/node_modules/npm/lib/utils/lifecycle.js:279:16)
14 verbose stack     at emitTwo (events.js:106:13)
14 verbose stack     at EventEmitter.emit (events.js:191:7)
14 verbose stack     at ChildProcess.<anonymous> (/usr/local/lib/node_modules/npm/lib/utils/spawn.js:40:14)
14 verbose stack     at emitTwo (events.js:106:13)
14 verbose stack     at ChildProcess.emit (events.js:191:7)
14 verbose stack     at maybeClose (internal/child_process.js:885:16)
14 verbose stack     at Process.ChildProcess._handle.onexit (internal/child_process.js:226:5)
15 verbose pkgid tvster-feeder@1.0.0
16 verbose cwd /Users/david/development/repos/tvster-feeder
17 error Darwin 15.6.0
18 error argv "/usr/local/bin/node" "/usr/local/bin/npm" "run" "local"
19 error node v7.4.0
20 error npm  v4.0.5
21 error code ELIFECYCLE
22 error tvster-feeder@1.0.0 local: `swagger project start --harmony-async-await --debug`
22 error Exit status 1
23 error Failed at the tvster-feeder@1.0.0 local script 'swagger project start --harmony-async-await --debug'.
23 error Make sure you have the latest version of node.js and npm installed.
23 error If you do, this is most likely a problem with the tvster-feeder package,
23 error not with npm itself.
23 error Tell the author that this fails on your system:
23 error     swagger project start --harmony-async-await --debug
23 error You can get information on how to open an issue for this project with:
23 error     npm bugs tvster-feeder
23 error Or if that isn't available, you can get their info via:
23 error     npm owner ls tvster-feeder
23 error There is likely additional logging output above.
24 verbose exit [ 1, true ]
